Warning[339]:	D:\CMS\CMS_IDE_V2.03.21\works  ĹŻ·ç»ú\Demo\Display.h	µÚ98ĐĐ	initializer in extern declaration
Warning[339]:	D:\CMS\CMS_IDE_V2.03.21\works  ĹŻ·ç»ú\Demo\Display.h	µÚ99ĐĐ	initializer in extern declaration
Warning[339]:	D:\CMS\CMS_IDE_V2.03.21\works  ĹŻ·ç»ú\Demo\Display.h	µÚ100ĐĐ	initializer in extern declaration
Warning[339]:	D:\CMS\CMS_IDE_V2.03.21\works  ĹŻ·ç»ú\Demo\Display.h	µÚ101ĐĐ	initializer in extern declaration
Warning[339]:	D:\CMS\CMS_IDE_V2.03.21\works  ĹŻ·ç»ú\Demo\Display.h	µÚ102ĐĐ	initializer in extern declaration
Warning[339]:	D:\CMS\CMS_IDE_V2.03.21\works  ĹŻ·ç»ú\Demo\Display.h	µÚ103ĐĐ	initializer in extern declaration
Warning[339]:	D:\CMS\CMS_IDE_V2.03.21\works  ĹŻ·ç»ú\Demo\Display.h	µÚ98ĐĐ	initializer in extern declaration
Warning[339]:	D:\CMS\CMS_IDE_V2.03.21\works  ĹŻ·ç»ú\Demo\Display.h	µÚ99ĐĐ	initializer in extern declaration
Warning[339]:	D:\CMS\CMS_IDE_V2.03.21\works  ĹŻ·ç»ú\Demo\Display.h	µÚ100ĐĐ	initializer in extern declaration
Warning[339]:	D:\CMS\CMS_IDE_V2.03.21\works  ĹŻ·ç»ú\Demo\Display.h	µÚ101ĐĐ	initializer in extern declaration
Warning[339]:	D:\CMS\CMS_IDE_V2.03.21\works  ĹŻ·ç»ú\Demo\Display.h	µÚ102ĐĐ	initializer in extern declaration
Warning[339]:	D:\CMS\CMS_IDE_V2.03.21\works  ĹŻ·ç»ú\Demo\Display.h	µÚ103ĐĐ	initializer in extern declaration
Warning[752]:	D:\CMS\CMS_IDE_V2.03.21\works  ĹŻ·ç»ú\Demo\Display.c	µÚ31ĐĐ	conversion to shorter data type
Warning[752]:	D:\CMS\CMS_IDE_V2.03.21\works  ĹŻ·ç»ú\Demo\Display.c	µÚ32ĐĐ	conversion to shorter data type
Warning[752]:	D:\CMS\CMS_IDE_V2.03.21\works  ĹŻ·ç»ú\Demo\Display.c	µÚ33ĐĐ	conversion to shorter data type
Warning[752]:	D:\CMS\CMS_IDE_V2.03.21\works  ĹŻ·ç»ú\Demo\Display.c	µÚ34ĐĐ	conversion to shorter data type
Warning[752]:	D:\CMS\CMS_IDE_V2.03.21\works  ĹŻ·ç»ú\Demo\Display.c	µÚ35ĐĐ	conversion to shorter data type
Warning[752]:	D:\CMS\CMS_IDE_V2.03.21\works  ĹŻ·ç»ú\Demo\Display.c	µÚ36ĐĐ	conversion to shorter data type
Warning[752]:	D:\CMS\CMS_IDE_V2.03.21\works  ĹŻ·ç»ú\Demo\Display.c	µÚ37ĐĐ	conversion to shorter data type
Warning[752]:	D:\CMS\CMS_IDE_V2.03.21\works  ĹŻ·ç»ú\Demo\Display.c	µÚ38ĐĐ	conversion to shorter data type
Warning[752]:	D:\CMS\CMS_IDE_V2.03.21\works  ĹŻ·ç»ú\Demo\Display.c	µÚ39ĐĐ	conversion to shorter data type
Warning[752]:	D:\CMS\CMS_IDE_V2.03.21\works  ĹŻ·ç»ú\Demo\Display.c	µÚ40ĐĐ	conversion to shorter data type
Warning[752]:	D:\CMS\CMS_IDE_V2.03.21\works  ĹŻ·ç»ú\Demo\Display.c	µÚ41ĐĐ	conversion to shorter data type
Warning[752]:	D:\CMS\CMS_IDE_V2.03.21\works  ĹŻ·ç»ú\Demo\Display.c	µÚ42ĐĐ	conversion to shorter data type
Warning[752]:	D:\CMS\CMS_IDE_V2.03.21\works  ĹŻ·ç»ú\Demo\Display.c	µÚ43ĐĐ	conversion to shorter data type
Warning[752]:	D:\CMS\CMS_IDE_V2.03.21\works  ĹŻ·ç»ú\Demo\Display.c	µÚ44ĐĐ	conversion to shorter data type
Warning[752]:	D:\CMS\CMS_IDE_V2.03.21\works  ĹŻ·ç»ú\Demo\Display.c	µÚ45ĐĐ	conversion to shorter data type
Warning[752]:	D:\CMS\CMS_IDE_V2.03.21\works  ĹŻ·ç»ú\Demo\Display.c	µÚ46ĐĐ	conversion to shorter data type

Memory Summary:
    Program space        used   1ACh (   428) of  2000h words   (  5.2%)
    Data space           used    13h (    19) of    F0h bytes   (  7.9%)
    EEPROM space         None available
    Data stack space     used     0h (     0) of    50h bytes   (  0.0%)
    Configuration bits   used     0h (     0) of     2h words   (  0.0%)
    ID Location space    used     0h (     0) of     4h bytes   (  0.0%)

