

Microchip Technology PIC PRO Macro Assembler V1.45 build -152302408 
                                                                                               Tue Oct 28 16:33:39 2025

Microchip Technology Omniscient Code Generator v1.45 (PRO mode) build 201711160504
     1                           	processor	79F726
     2                           	opt	pw 120
     3                           	opt	pm
     4                           	psect	strings,global,class=STRING,delta=2
     5                           	psect	nvCOMMON,global,class=COMMON,space=1,delta=1
     6                           	psect	nvBANK0,global,class=BANK0,space=1,delta=1
     7                           	psect	cinit,global,class=CODE,merge=1,delta=2
     8                           	psect	bssCOMMON,global,class=COMMON,space=1,delta=1
     9                           	psect	cstackCOMMON,global,class=COMMON,space=1,delta=1
    10                           	psect	cstackBANK0,global,class=BANK0,space=1,delta=1
    11                           	psect	maintext,global,class=CODE,split=1,delta=2
    12                           	psect	text1,local,class=CODE,merge=1,delta=2
    13                           	psect	text2,local,class=CODE,merge=1,delta=2
    14                           	psect	intentry,global,class=CODE,delta=2
    15                           	psect	pa_nodes0,global,class=CODE,delta=2
    16                           	dabs	1,0x7E,2
    17  0000                     
    18                           ; Version 1.45
    19                           ; Generated 16/11/2017 GMT
    20                           ; 
    21                           ; Copyright Â© 2017, Microchip Technology Inc. and its subsidiaries ("Microchip")
    22                           ; All rights reserved.
    23                           ; 
    24                           ; This software is developed by Microchip Technology Inc. and its subsidiaries ("Microch
      +                          ip").
    25                           ; 
    26                           ; Redistribution and use in source and binary forms, with or without modification, are
    27                           ; permitted provided that the following conditions are met:
    28                           ; 
    29                           ;     1. Redistributions of source code must retain the above copyright notice, this lis
      +                          t of
    30                           ;        conditions and the following disclaimer.
    31                           ; 
    32                           ;     2. Redistributions in binary form must reproduce the above copyright notice, this 
      +                          list
    33                           ;        of conditions and the following disclaimer in the documentation and/or other
    34                           ;        materials provided with the distribution.
    35                           ; 
    36                           ;     3. Microchip's name may not be used to endorse or promote products derived from th
      +                          is
    37                           ;        software without specific prior written permission.
    38                           ; 
    39                           ; THIS SOFTWARE IS PROVIDED BY MICROCHIP "AS IS" AND ANY EXPRESS OR IMPLIED WARRANTIES,
    40                           ; INCLUDING, BUT NOT LIMITED TO, THE IMPLIED WARRANTIES OF MERCHANTABILITY AND FITNESS F
      +                          OR
    41                           ; PURPOSE ARE DISCLAIMED.  IN NO EVENT SHALL MICROCHIP BE LIABLE FOR ANY DIRECT, INDIREC
      +                          T,
    42                           ; INCIDENTAL, SPECIAL, EXEMPLARY, OR CONSEQUENTIAL DAMAGES (INCLUDING BUT NOT LIMITED TO
    43                           ; PROCUREMENT OF SUBSTITUTE GOODS OR SERVICES; LOSS OF USE, DATA OR PROFITS; OR BUSINESS
    44                           ; INTERRUPTION) HOWSOEVER CAUSED AND ON ANY THEORY OF LIABILITY, WHETHER IN CONTRACT, ST
      +                          RICT
    45                           ; LIABILITY, OR TORT (INCLUDING NEGLIGENCE OR OTHERWISE) ARISING IN ANY WAY OUT OF THE U
      +                          SE OF
    46                           ; THIS SOFTWARE, EVEN IF ADVISED OF THE POSSIBILITY OF SUCH DAMAGE.
    47                           ; 
    48                           ; 
    49                           ; Code-generator required, PIC16F887 Definitions
    50                           ; 
    51                           ; SFR Addresses
    52  0000                     
    53                           	psect	strings
    54  0195                     __pstrings:	
    55  0195                     stringtab:	
    56  0195                     __stringtab:	
    57  0195                     stringcode:	
    58                           ;	String table - string pointers are 1 byte each
    59                           
    60  0195                     stringdir:	
    61  0195  3001               	movlw	high stringdir
    62  0196  008A               	movwf	10
    63  0197  0804               	movf	4,w
    64  0198  0A84               	incf	4,f
    65  0199  0782               	addwf	2,f
    66  019A                     __stringbase:	
    67  019A  3400               	retlw	0
    68  019B                     __end_of__stringtab:	
    69  019B                     _SegTab:	
    70  019B  343F               	retlw	63
    71  019C  3406               	retlw	6
    72  019D  345B               	retlw	91
    73  019E  344F               	retlw	79
    74  019F  3466               	retlw	102
    75  01A0  346D               	retlw	109
    76  01A1  347D               	retlw	125
    77  01A2  3407               	retlw	7
    78  01A3  347F               	retlw	127
    79  01A4  346F               	retlw	111
    80  01A5  3477               	retlw	119
    81  01A6  347C               	retlw	124
    82  01A7  3458               	retlw	88
    83  01A8  345E               	retlw	94
    84  01A9  3479               	retlw	121
    85  01AA  3471               	retlw	113
    86  01AB  3400               	retlw	0
    87  01AC                     __end_of_SegTab:	
    88                           
    89                           	psect	nvCOMMON
    90  007B                     __pnvCOMMON:	
    91  007B                     _Dis_SC1:	
    92  007B                     	ds	1
    93  007C                     _Dis_SC0:	
    94  007C                     	ds	1
    95  007D                     _Dis_SCircle:	
    96  007D                     	ds	1
    97                           
    98                           	psect	nvBANK0
    99  0020                     __pnvBANK0:	
   100  0020                     _Dis_SWS:	
   101  0020                     	ds	1
   102  0021                     _Dis_SAD:	
   103  0021                     	ds	1
   104  0022                     _Dis_SH:	
   105  0022                     	ds	1
   106  0012                     _T2CON	set	18
   107  000B                     _INTCON	set	11
   108  0061                     _TMR2IF	set	97
   109  0034                     _RB4	set	52
   110  0035                     _RB5	set	53
   111  0028                     _RA0	set	40
   112  0029                     _RA1	set	41
   113  002A                     _RA2	set	42
   114  0092                     _PR2	set	146
   115  008F                     _OSCCON	set	143
   116  0086                     _TRISB	set	134
   117  0085                     _TRISA	set	133
   118  0461                     _TMR2IE	set	1121
   119  0434                     _TRISB4	set	1076
   120  0435                     _TRISB5	set	1077
   121  0428                     _TRISA0	set	1064
   122  0429                     _TRISA1	set	1065
   123  042A                     _TRISA2	set	1066
   124                           
   125                           	psect	cinit
   126  0015                     start_initialization:	
   127                           ; #config settings
   128                           
   129  0015                     __initialization:	
   130                           
   131                           ; Clear objects allocated to COMMON
   132  0015  01F7               	clrf	__pbssCOMMON& (0+127)
   133  0016  01F8               	clrf	(__pbssCOMMON+1)& (0+127)
   134  0017  01F9               	clrf	(__pbssCOMMON+2)& (0+127)
   135  0018  01FA               	clrf	(__pbssCOMMON+3)& (0+127)
   136  0019                     end_of_initialization:	
   137                           ;End of C runtime variable initialization code
   138                           
   139  0019                     __end_of__initialization:	
   140  0019  0183               	clrf	3
   141  001A  120A  118A  296D   	ljmp	_main	;jump to C main() function
   142                           
   143                           	psect	bssCOMMON
   144  0077                     __pbssCOMMON:	
   145  0077                     _tcount:	
   146  0077                     	ds	1
   147  0078                     Display@Dcount:	
   148  0078                     	ds	1
   149  0079                     _Dis_SSun:	
   150  0079                     	ds	1
   151  007A                     _Dis_SFan:	
   152  007A                     	ds	1
   153                           
   154                           	psect	cstackCOMMON
   155  0070                     __pcstackCOMMON:	
   156  0070                     ?_InitLed:	
   157  0070                     ?_DisplayData:	
   158                           ; 1 bytes @ 0x0
   159                           
   160  0070                     ??_DisplayData:	
   161                           ; 1 bytes @ 0x0
   162                           
   163  0070                     ?_DisplayData1:	
   164                           ; 1 bytes @ 0x0
   165                           
   166  0070                     ??_DisplayData1:	
   167                           ; 1 bytes @ 0x0
   168                           
   169  0070                     ?_DisplayData2:	
   170                           ; 1 bytes @ 0x0
   171                           
   172  0070                     ??_DisplayData2:	
   173                           ; 1 bytes @ 0x0
   174                           
   175  0070                     ?_DisplayFunction:	
   176                           ; 1 bytes @ 0x0
   177                           
   178  0070                     ??_DisplayFunction:	
   179                           ; 1 bytes @ 0x0
   180                           
   181  0070                     ?_DisplayTurn:	
   182                           ; 1 bytes @ 0x0
   183                           
   184  0070                     ??_DisplayTurn:	
   185                           ; 1 bytes @ 0x0
   186                           
   187  0070                     ?_DisplayComx:	
   188                           ; 1 bytes @ 0x0
   189                           
   190  0070                     ?_Display:	
   191                           ; 1 bytes @ 0x0
   192                           
   193  0070                     ?_ISR:	
   194                           ; 1 bytes @ 0x0
   195                           
   196  0070                     ?_main:	
   197                           ; 1 bytes @ 0x0
   198                           
   199  0070                     DisplayData@data:	
   200                           ; 1 bytes @ 0x0
   201                           
   202  0070                     DisplayData1@data:	
   203                           ; 1 bytes @ 0x0
   204                           
   205                           
   206                           ; 1 bytes @ 0x0
   207  0070                     	ds	1
   208  0071                     ??_DisplayComx:	
   209  0071                     DisplayComx@x:	
   210                           ; 1 bytes @ 0x1
   211                           
   212                           
   213                           ; 1 bytes @ 0x1
   214  0071                     	ds	1
   215  0072                     ??_Display:	
   216                           
   217                           ; 1 bytes @ 0x2
   218  0072                     	ds	1
   219  0073                     ??_ISR:	
   220                           
   221                           ; 1 bytes @ 0x3
   222  0073                     	ds	4
   223                           
   224                           	psect	cstackBANK0
   225  0000                     __pcstackBANK0:	
   226  0000                     ??_InitLed:	
   227  0000                     ??_main:	
   228                           ; 1 bytes @ 0x0
   229                           
   230                           
   231                           	psect	maintext
   232  016D                     __pmaintext:	
   233                           ; 1 bytes @ 0x0
   234 ;;
   235 ;;Main: autosize = 0, tempsize = 0, incstack = 0, save=0
   236 ;;
   237 ;; *************** function _main *****************
   238 ;; Defined at:
   239 ;;		line 16 in file "D:\CMS\CMS_IDE_V2.03.21\works  ĹŻ·ç»ú\Demo\main.c"
   240 ;; Parameters:    Size  Location     Type
   241 ;;		None
   242 ;; Auto vars:     Size  Location     Type
   243 ;;		None
   244 ;; Return value:  Size  Location     Type
   245 ;;                  1    wreg      void 
   246 ;; Registers used:
   247 ;;		wreg, status,2, status,0, pclath, cstack
   248 ;; Tracked objects:
   249 ;;		On entry : B00/0
   250 ;;		On exit  : 0/0
   251 ;;		Unchanged: 0/0
   252 ;; Data sizes:     COMMON   BANK0   BANK1   BANK2
   253 ;;      Params:         0       0       0       0
   254 ;;      Locals:         0       0       0       0
   255 ;;      Temps:          0       0       0       0
   256 ;;      Totals:         0       0       0       0
   257 ;;Total ram usage:        0 bytes
   258 ;; Hardware stack levels required when called:    6
   259 ;; This function calls:
   260 ;;		_InitLed
   261 ;; This function is called by:
   262 ;;		Startup code after reset
   263 ;; This function uses a non-reentrant model
   264 ;;
   265                           
   266                           
   267                           ;psect for function _main
   268  016D                     _main:	
   269                           
   270                           ;incstack = 0
   271                           ; Regs used in _main: [wreg+status,2+status,0+pclath+cstack]
   272  016D  0064               	clrwdt	;# 
   273                           
   274                           ;main.c: 19: OSCCON=0B01110001;
   275  016E  3071               	movlw	113
   276  016F  1683               	bsf	3,5	;RP0=1, select bank1
   277  0170  1303               	bcf	3,6	;RP1=0, select bank1
   278  0171  008F               	movwf	15	;volatile
   279                           
   280                           ;main.c: 21: PR2=62;
   281  0172  303E               	movlw	62
   282  0173  0092               	movwf	18	;volatile
   283                           
   284                           ;main.c: 22: TMR2IF=0;
   285  0174  1283               	bcf	3,5	;RP0=0, select bank0
   286  0175  108C               	bcf	12,1	;volatile
   287                           
   288                           ;main.c: 23: TMR2IE=1;
   289  0176  1683               	bsf	3,5	;RP0=1, select bank1
   290  0177  148C               	bsf	12,1	;volatile
   291                           
   292                           ;main.c: 24: T2CON=0B00000101;
   293  0178  3005               	movlw	5
   294  0179  1283               	bcf	3,5	;RP0=0, select bank0
   295  017A  0092               	movwf	18	;volatile
   296                           
   297                           ;main.c: 26: InitLed();
   298  017B  120A  118A  21AC  120A  118A  	fcall	_InitLed
   299                           
   300                           ;main.c: 28: INTCON=0B11000000;
   301  0180  30C0               	movlw	192
   302  0181  008B               	movwf	11	;volatile
   303                           
   304                           ;main.c: 29: Dis_SC0=1;
   305  0182  3001               	movlw	1
   306  0183  00FC               	movwf	_Dis_SC0	;volatile
   307                           
   308                           ;main.c: 30: Dis_SC1=6;
   309  0184  3006               	movlw	6
   310  0185  00FB               	movwf	_Dis_SC1	;volatile
   311                           
   312                           ;main.c: 31: {Dis_SFan = 0;};
   313  0186  01FA               	clrf	_Dis_SFan	;volatile
   314                           
   315                           ;main.c: 32: {Dis_SSun = 0;};
   316  0187  01F9               	clrf	_Dis_SSun	;volatile
   317                           
   318                           ;main.c: 33: {Dis_SCircle = 1;};
   319  0188  3001               	movlw	1
   320  0189  00FD               	movwf	_Dis_SCircle	;volatile
   321                           
   322                           ;main.c: 34: {Dis_SH = 1;};
   323  018A  1283               	bcf	3,5	;RP0=0, select bank0
   324  018B  00A2               	movwf	_Dis_SH	;volatile
   325                           
   326                           ;main.c: 35: {Dis_SAD = 1;};
   327  018C  00A1               	movwf	_Dis_SAD	;volatile
   328                           
   329                           ;main.c: 36: {Dis_SWS = 1;};
   330  018D  00A0               	movwf	_Dis_SWS	;volatile
   331  018E                     l1518:	
   332                           ;main.c: 38: while(1)
   333                           
   334  018E  0064               	clrwdt	;# 
   335                           
   336                           ;main.c: 41: if(tcount>=32)
   337  018F  3020               	movlw	32
   338  0190  0277               	subwf	_tcount,w
   339  0191  1C03               	skipc
   340  0192  298E               	goto	l1518
   341                           
   342                           ;main.c: 42: {
   343                           ;main.c: 43: tcount=0;
   344  0193  01F7               	clrf	_tcount
   345  0194  298E               	goto	l1518
   346  0195                     __end_of_main:	
   347                           
   348                           	psect	text1
   349  01AC                     __ptext1:	
   350 ;; *************** function _InitLed *****************
   351 ;; Defined at:
   352 ;;		line 51 in file "D:\CMS\CMS_IDE_V2.03.21\works  ĹŻ·ç»ú\Demo\Display.c"
   353 ;; Parameters:    Size  Location     Type
   354 ;;		None
   355 ;; Auto vars:     Size  Location     Type
   356 ;;		None
   357 ;; Return value:  Size  Location     Type
   358 ;;                  1    wreg      void 
   359 ;; Registers used:
   360 ;;		wreg
   361 ;; Tracked objects:
   362 ;;		On entry : 300/0
   363 ;;		On exit  : 300/100
   364 ;;		Unchanged: 0/0
   365 ;; Data sizes:     COMMON   BANK0   BANK1   BANK2
   366 ;;      Params:         0       0       0       0
   367 ;;      Locals:         0       0       0       0
   368 ;;      Temps:          0       0       0       0
   369 ;;      Totals:         0       0       0       0
   370 ;;Total ram usage:        0 bytes
   371 ;; Hardware stack levels used:    1
   372 ;; Hardware stack levels required when called:    5
   373 ;; This function calls:
   374 ;;		Nothing
   375 ;; This function is called by:
   376 ;;		_main
   377 ;; This function uses a non-reentrant model
   378 ;;
   379                           
   380                           
   381                           ;psect for function _InitLed
   382  01AC                     _InitLed:	
   383                           
   384                           ;Display.c: 54: TRISA&=0B11111111;
   385                           
   386                           ;incstack = 0
   387                           ; Regs used in _InitLed: [wreg]
   388  01AC  1683               	bsf	3,5	;RP0=1, select bank1
   389  01AD  0805               	movf	5,w	;volatile
   390                           
   391                           ;Display.c: 55: TRISB&=0B11111111;
   392  01AE  0806               	movf	6,w	;volatile
   393  01AF  0008               	return
   394  01B0                     __end_of_InitLed:	
   395                           
   396                           	psect	text2
   397  001D                     __ptext2:	
   398 ;; *************** function _ISR *****************
   399 ;; Defined at:
   400 ;;		line 6 in file "D:\CMS\CMS_IDE_V2.03.21\works  ĹŻ·ç»ú\Demo\main.c"
   401 ;; Parameters:    Size  Location     Type
   402 ;;		None
   403 ;; Auto vars:     Size  Location     Type
   404 ;;		None
   405 ;; Return value:  Size  Location     Type
   406 ;;                  1    wreg      void 
   407 ;; Registers used:
   408 ;;		wreg, fsr0l, fsr0h, status,2, status,0, pclath, cstack
   409 ;; Tracked objects:
   410 ;;		On entry : 0/0
   411 ;;		On exit  : 300/0
   412 ;;		Unchanged: 0/0
   413 ;; Data sizes:     COMMON   BANK0   BANK1   BANK2
   414 ;;      Params:         0       0       0       0
   415 ;;      Locals:         0       0       0       0
   416 ;;      Temps:          4       0       0       0
   417 ;;      Totals:         4       0       0       0
   418 ;;Total ram usage:        4 bytes
   419 ;; Hardware stack levels used:    1
   420 ;; Hardware stack levels required when called:    4
   421 ;; This function calls:
   422 ;;		_Display
   423 ;; This function is called by:
   424 ;;		Interrupt level 1
   425 ;; This function uses a non-reentrant model
   426 ;;
   427                           
   428                           
   429                           ;psect for function _ISR
   430  001D                     _ISR:	
   431                           
   432                           ;main.c: 8: if(TMR2IF)
   433  001D  1C8C               	btfss	12,1	;volatile
   434  001E  2822               	goto	i1l1513
   435                           
   436                           ;main.c: 9: {
   437                           ;main.c: 10: TMR2IF=0;
   438  001F  108C               	bcf	12,1	;volatile
   439                           
   440                           ;main.c: 11: tcount++;
   441  0020  0AF7               	incf	_tcount,f
   442                           
   443                           ;main.c: 12: Display();
   444  0021  202E               	fcall	_Display
   445  0022                     i1l1513:	
   446  0022  0876               	movf	??_ISR+3,w
   447  0023  1283               	bcf	3,5	;RP0=0, select bank0
   448  0024  00FF               	movwf	127
   449  0025  0875               	movf	??_ISR+2,w
   450  0026  008A               	movwf	10
   451  0027  0874               	movf	??_ISR+1,w
   452  0028  0084               	movwf	4
   453  0029  0E73               	swapf	??_ISR^(0+-128),w
   454  002A  0083               	movwf	3
   455  002B  0EFE               	swapf	126,f
   456  002C  0E7E               	swapf	126,w
   457  002D  0009               	retfie
   458  002E                     __end_of_ISR:	
   459  002E                     __ptext3:	
   460 ;; *************** function _Display *****************
   461 ;; Defined at:
   462 ;;		line 302 in file "D:\CMS\CMS_IDE_V2.03.21\works  ĹŻ·ç»ú\Demo\Display.c"
   463 ;; Parameters:    Size  Location     Type
   464 ;;		None
   465 ;; Auto vars:     Size  Location     Type
   466 ;;		None
   467 ;; Return value:  Size  Location     Type
   468 ;;                  1    wreg      void 
   469 ;; Registers used:
   470 ;;		wreg, fsr0l, fsr0h, status,2, status,0, pclath, cstack
   471 ;; Tracked objects:
   472 ;;		On entry : 300/0
   473 ;;		On exit  : 200/0
   474 ;;		Unchanged: 0/0
   475 ;; Data sizes:     COMMON   BANK0   BANK1   BANK2
   476 ;;      Params:         0       0       0       0
   477 ;;      Locals:         0       0       0       0
   478 ;;      Temps:          1       0       0       0
   479 ;;      Totals:         1       0       0       0
   480 ;;Total ram usage:        1 bytes
   481 ;; Hardware stack levels used:    1
   482 ;; Hardware stack levels required when called:    3
   483 ;; This function calls:
   484 ;;		_DisplayComx
   485 ;; This function is called by:
   486 ;;		_ISR
   487 ;; This function uses a non-reentrant model
   488 ;;
   489                           
   490                           
   491                           ;psect for function _Display
   492  002E                     _Display:	
   493                           
   494                           ;Display.c: 304: TRISA&=0B11111111;
   495                           
   496                           ;incstack = 0
   497                           ; Regs used in _Display: [wreg-fsr0h+status,2+status,0+pclath+cstack]
   498  002E  1683               	bsf	3,5	;RP0=1, select bank1
   499                           
   500                           ;Display.c: 305: TRISB&=0B11111111;
   501                           
   502                           ;Display.c: 307: static unsigned char Dcount;
   503                           ;Display.c: 312: RA0 = 1; RA1 = 1; RA2 = 1; RB4 = 1; RB5 = 1;
   504  002F  215F  120A  118A   	fcall	PL2	;call to abstracted procedure
   505                           
   506                           ;Display.c: 313: DisplayComx(Dcount);
   507  0032  0878               	movf	Display@Dcount,w
   508  0033  203C               	fcall	_DisplayComx
   509                           
   510                           ;Display.c: 314: if(Dcount++>=5)
   511  0034  0878               	movf	Display@Dcount,w
   512  0035  0AF8               	incf	Display@Dcount,f
   513  0036  00F2               	movwf	??_Display
   514  0037  3005               	movlw	5
   515  0038  0272               	subwf	??_Display,w
   516  0039  1803               	btfsc	3,0
   517                           
   518                           ;Display.c: 315: Dcount=0;
   519  003A  01F8               	clrf	Display@Dcount
   520  003B  0008               	return
   521  003C                     __end_of_Display:	
   522  003C                     __ptext4:	
   523 ;; *************** function _DisplayComx *****************
   524 ;; Defined at:
   525 ;;		line 279 in file "D:\CMS\CMS_IDE_V2.03.21\works  ĹŻ·ç»ú\Demo\Display.c"
   526 ;; Parameters:    Size  Location     Type
   527 ;;  x               1    wreg     unsigned char 
   528 ;; Auto vars:     Size  Location     Type
   529 ;;  x               1    1[COMMON] unsigned char 
   530 ;; Return value:  Size  Location     Type
   531 ;;                  1    wreg      void 
   532 ;; Registers used:
   533 ;;		wreg, fsr0l, fsr0h, status,2, status,0, pclath, cstack
   534 ;; Tracked objects:
   535 ;;		On entry : 300/0
   536 ;;		On exit  : 200/0
   537 ;;		Unchanged: 0/0
   538 ;; Data sizes:     COMMON   BANK0   BANK1   BANK2
   539 ;;      Params:         0       0       0       0
   540 ;;      Locals:         1       0       0       0
   541 ;;      Temps:          0       0       0       0
   542 ;;      Totals:         1       0       0       0
   543 ;;Total ram usage:        1 bytes
   544 ;; Hardware stack levels used:    1
   545 ;; Hardware stack levels required when called:    2
   546 ;; This function calls:
   547 ;;		_DisplayData
   548 ;;		_DisplayData1
   549 ;;		_DisplayData2
   550 ;;		_DisplayFunction
   551 ;;		_DisplayTurn
   552 ;; This function is called by:
   553 ;;		_Display
   554 ;; This function uses a non-reentrant model
   555 ;;
   556                           
   557                           
   558                           ;psect for function _DisplayComx
   559  003C                     _DisplayComx:	
   560                           
   561                           ;incstack = 0
   562                           ; Regs used in _DisplayComx: [wreg-fsr0h+status,2+status,0+pclath+cstack]
   563                           ;DisplayComx@x stored from wreg
   564  003C  00F1               	movwf	DisplayComx@x
   565  003D  0064               	clrwdt	;# 
   566                           
   567                           ;Display.c: 282: TRISA&=0B11111111;
   568  003E  1683               	bsf	3,5	;RP0=1, select bank1
   569  003F  1303               	bcf	3,6	;RP1=0, select bank1
   570                           
   571                           ;Display.c: 283: TRISB&=0B11111111;
   572                           
   573                           ;Display.c: 284: RA0 = 1; RA1 = 1; RA2 = 1; RB4 = 1; RB5 = 1;
   574  0040  215F  120A  118A   	fcall	PL2	;call to abstracted procedure
   575                           
   576                           ;Display.c: 285: switch(x)
   577  0043  2872               	goto	i1l2168
   578  0044                     i1l2136:	
   579  0044  087C               	movf	_Dis_SC0,w
   580  0045  3E01               	addlw	low ((_SegTab-__stringbase)| (0+32768))
   581  0046  0084               	movwf	4
   582  0047  120A  118A  2195  120A  118A  	fcall	stringdir
   583  004C  2084               	fcall	_DisplayData
   584  004D  1283               	bcf	3,5	;RP0=0, select bank0
   585  004E  1005               	bcf	5,0	;volatile
   586  004F  1683               	bsf	3,5	;RP0=1, select bank1
   587  0050  1005               	bcf	5,0	;volatile
   588  0051  0008               	return
   589  0052                     i1l2142:	
   590  0052  087B               	movf	_Dis_SC1,w
   591  0053  3E01               	addlw	low ((_SegTab-__stringbase)| (0+32768))
   592  0054  0084               	movwf	4
   593  0055  120A  118A  2195  120A  118A  	fcall	stringdir
   594  005A  20A3               	fcall	_DisplayData1
   595  005B  1283               	bcf	3,5	;RP0=0, select bank0
   596  005C  1085               	bcf	5,1	;volatile
   597  005D  1683               	bsf	3,5	;RP0=1, select bank1
   598  005E  1085               	bcf	5,1	;volatile
   599  005F  0008               	return
   600  0060                     i1l2148:	
   601  0060  20C2               	fcall	_DisplayData2
   602  0061  1283               	bcf	3,5	;RP0=0, select bank0
   603  0062  1206               	bcf	6,4	;volatile
   604  0063  1683               	bsf	3,5	;RP0=1, select bank1
   605  0064  1206               	bcf	6,4	;volatile
   606  0065  0008               	return
   607  0066                     i1l2154:	
   608  0066  2104               	fcall	_DisplayFunction
   609  0067  1283               	bcf	3,5	;RP0=0, select bank0
   610  0068  1105               	bcf	5,2	;volatile
   611  0069  1683               	bsf	3,5	;RP0=1, select bank1
   612  006A  1105               	bcf	5,2	;volatile
   613  006B  0008               	return
   614  006C                     i1l2160:	
   615  006C  2127               	fcall	_DisplayTurn
   616  006D  1283               	bcf	3,5	;RP0=0, select bank0
   617  006E  1286               	bcf	6,5	;volatile
   618  006F  1683               	bsf	3,5	;RP0=1, select bank1
   619  0070  1286               	bcf	6,5	;volatile
   620  0071  0008               	return
   621  0072                     i1l2168:	
   622  0072  0871               	movf	DisplayComx@x,w
   623                           
   624                           ; Switch size 1, requested type "space"
   625                           ; Number of cases is 5, Range of values is 0 to 4
   626                           ; switch strategies available:
   627                           ; Name         Instructions Cycles
   628                           ; simple_byte           16     9 (average)
   629                           ; direct_byte           23     8 (fixed)
   630                           ; jumptable            260     6 (fixed)
   631                           ;	Chosen strategy is simple_byte
   632  0073  3A00               	xorlw	0	; case 0
   633  0074  1903               	skipnz
   634  0075  2844               	goto	i1l2136
   635  0076  3A01               	xorlw	1	; case 1
   636  0077  1903               	skipnz
   637  0078  2852               	goto	i1l2142
   638  0079  3A03               	xorlw	3	; case 2
   639  007A  1903               	skipnz
   640  007B  2860               	goto	i1l2148
   641  007C  3A01               	xorlw	1	; case 3
   642  007D  1903               	skipnz
   643  007E  2866               	goto	i1l2154
   644  007F  3A07               	xorlw	7	; case 4
   645  0080  1903               	skipnz
   646  0081  286C               	goto	i1l2160
   647  0082  2883               	goto	i1l783
   648  0083                     i1l783:	
   649  0083  0008               	return
   650  0084                     __end_of_DisplayComx:	
   651  0084                     __ptext9:	
   652 ;; *************** function _DisplayData *****************
   653 ;; Defined at:
   654 ;;		line 63 in file "D:\CMS\CMS_IDE_V2.03.21\works  ĹŻ·ç»ú\Demo\Display.c"
   655 ;; Parameters:    Size  Location     Type
   656 ;;  data            1    wreg     unsigned char 
   657 ;; Auto vars:     Size  Location     Type
   658 ;;  data            1    0[COMMON] unsigned char 
   659 ;; Return value:  Size  Location     Type
   660 ;;                  1    wreg      void 
   661 ;; Registers used:
   662 ;;		wreg
   663 ;; Tracked objects:
   664 ;;		On entry : 300/0
   665 ;;		On exit  : 200/0
   666 ;;		Unchanged: 0/0
   667 ;; Data sizes:     COMMON   BANK0   BANK1   BANK2
   668 ;;      Params:         0       0       0       0
   669 ;;      Locals:         1       0       0       0
   670 ;;      Temps:          0       0       0       0
   671 ;;      Totals:         1       0       0       0
   672 ;;Total ram usage:        1 bytes
   673 ;; Hardware stack levels used:    1
   674 ;; This function calls:
   675 ;;		Nothing
   676 ;; This function is called by:
   677 ;;		_DisplayComx
   678 ;; This function uses a non-reentrant model
   679 ;;
   680                           
   681                           
   682                           ;psect for function _DisplayData
   683  0084                     _DisplayData:	
   684                           
   685                           ;incstack = 0
   686                           ; Regs used in _DisplayData: [wreg]
   687                           ;DisplayData@data stored from wreg
   688  0084  00F0               	movwf	DisplayData@data
   689                           
   690                           ;Display.c: 66: if(data&0x01)
   691  0085  1C70               	btfss	DisplayData@data,0
   692  0086  288B               	goto	i1l720
   693                           
   694                           ;Display.c: 67: {
   695                           ;Display.c: 68: TRISA1=0;
   696  0087  1683               	bsf	3,5	;RP0=1, select bank1
   697  0088  1085               	bcf	5,1	;volatile
   698                           
   699                           ;Display.c: 69: RA1=1;
   700  0089  1283               	bcf	3,5	;RP0=0, select bank0
   701  008A  288C               	goto	L13
   702  008B                     i1l720:	
   703                           ;Display.c: 70: }
   704                           
   705                           
   706                           ;Display.c: 71: else
   707                           ;Display.c: 72: {
   708                           ;Display.c: 73: TRISA1=1;
   709  008B  1683               	bsf	3,5	;RP0=1, select bank1
   710  008C                     L13:	
   711  008C  1485               	bsf	5,1	;volatile
   712                           
   713                           ;Display.c: 75: }
   714                           ;Display.c: 76: if(data&0x02)
   715  008D  1CF0               	btfss	DisplayData@data,1
   716  008E  2893               	goto	i1l722
   717                           
   718                           ;Display.c: 77: {
   719                           ;Display.c: 78: TRISA2=0;
   720  008F  1683               	bsf	3,5	;RP0=1, select bank1
   721  0090  1105               	bcf	5,2	;volatile
   722                           
   723                           ;Display.c: 79: RA2=1;
   724  0091  1283               	bcf	3,5	;RP0=0, select bank0
   725  0092  2894               	goto	L14
   726  0093                     i1l722:	
   727                           ;Display.c: 80: }
   728                           
   729                           
   730                           ;Display.c: 81: else
   731                           ;Display.c: 82: {
   732                           ;Display.c: 83: TRISA2=1;
   733  0093  1683               	bsf	3,5	;RP0=1, select bank1
   734  0094                     L14:	
   735  0094  1505               	bsf	5,2	;volatile
   736                           
   737                           ;Display.c: 85: }
   738                           ;Display.c: 86: if(data&0x04)
   739  0095  1D70               	btfss	DisplayData@data,2
   740  0096  289B               	goto	i1l724
   741                           
   742                           ;Display.c: 87: {
   743                           ;Display.c: 88: TRISB4=0;
   744  0097  1683               	bsf	3,5	;RP0=1, select bank1
   745  0098  1206               	bcf	6,4	;volatile
   746                           
   747                           ;Display.c: 89: RB4=1;
   748  0099  1283               	bcf	3,5	;RP0=0, select bank0
   749  009A  289C               	goto	L15
   750  009B                     i1l724:	
   751                           ;Display.c: 90: }else
   752                           
   753                           
   754                           ;Display.c: 91: {
   755                           ;Display.c: 92: TRISB4=1;
   756  009B  1683               	bsf	3,5	;RP0=1, select bank1
   757  009C                     L15:	
   758  009C  1606               	bsf	6,4	;volatile
   759                           
   760                           ;Display.c: 94: }
   761                           ;Display.c: 95: if(data&0x08)
   762  009D  1DF0               	btfss	DisplayData@data,3
   763  009E  28A0               	goto	i1l726
   764                           
   765                           ;Display.c: 96: {
   766                           ;Display.c: 97: TRISB5=0;
   767                           
   768                           ;Display.c: 98: RB5=1;
   769                           
   770                           ;Display.c: 99: }else
   771  009F  2968               	ljmp	PL4	;call to abstracted procedure
   772  00A0                     i1l726:	
   773                           
   774                           ;Display.c: 100: {
   775                           ;Display.c: 101: TRISB5=1;
   776  00A0  1683               	bsf	3,5	;RP0=1, select bank1
   777  00A1  1686               	bsf	6,5	;volatile
   778  00A2  0008               	return
   779  00A3                     __end_of_DisplayData:	
   780  007E                     btemp	set	126	;btemp
   781  007E                     wtemp0	set	126
   782  00A3                     __ptext8:	
   783 ;; *************** function _DisplayData1 *****************
   784 ;; Defined at:
   785 ;;		line 106 in file "D:\CMS\CMS_IDE_V2.03.21\works  ĹŻ·ç»ú\Demo\Display.c"
   786 ;; Parameters:    Size  Location     Type
   787 ;;  data            1    wreg     unsigned char 
   788 ;; Auto vars:     Size  Location     Type
   789 ;;  data            1    0[COMMON] unsigned char 
   790 ;; Return value:  Size  Location     Type
   791 ;;                  1    wreg      void 
   792 ;; Registers used:
   793 ;;		wreg
   794 ;; Tracked objects:
   795 ;;		On entry : 300/0
   796 ;;		On exit  : 200/0
   797 ;;		Unchanged: 0/0
   798 ;; Data sizes:     COMMON   BANK0   BANK1   BANK2
   799 ;;      Params:         0       0       0       0
   800 ;;      Locals:         1       0       0       0
   801 ;;      Temps:          0       0       0       0
   802 ;;      Totals:         1       0       0       0
   803 ;;Total ram usage:        1 bytes
   804 ;; Hardware stack levels used:    1
   805 ;; This function calls:
   806 ;;		Nothing
   807 ;; This function is called by:
   808 ;;		_DisplayComx
   809 ;; This function uses a non-reentrant model
   810 ;;
   811                           
   812                           
   813                           ;psect for function _DisplayData1
   814  00A3                     _DisplayData1:	
   815                           
   816                           ;incstack = 0
   817                           ; Regs used in _DisplayData1: [wreg]
   818                           ;DisplayData1@data stored from wreg
   819  00A3  00F0               	movwf	DisplayData1@data
   820                           
   821                           ;Display.c: 109: if(data&0x01)
   822  00A4  1C70               	btfss	DisplayData1@data,0
   823  00A5  28AA               	goto	i1l731
   824                           
   825                           ;Display.c: 110: {
   826                           ;Display.c: 111: TRISA0=0;
   827  00A6  1683               	bsf	3,5	;RP0=1, select bank1
   828  00A7  1005               	bcf	5,0	;volatile
   829                           
   830                           ;Display.c: 112: RA0=1;
   831  00A8  1283               	bcf	3,5	;RP0=0, select bank0
   832  00A9  28AB               	goto	L10
   833  00AA                     i1l731:	
   834                           ;Display.c: 113: }else
   835                           
   836                           
   837                           ;Display.c: 114: {
   838                           ;Display.c: 115: TRISA0=1;
   839  00AA  1683               	bsf	3,5	;RP0=1, select bank1
   840  00AB                     L10:	
   841  00AB  1405               	bsf	5,0	;volatile
   842                           
   843                           ;Display.c: 116: }
   844                           ;Display.c: 117: if(data&0x02)
   845  00AC  1CF0               	btfss	DisplayData1@data,1
   846  00AD  28B2               	goto	i1l733
   847                           
   848                           ;Display.c: 118: {
   849                           ;Display.c: 119: TRISA2=0;
   850  00AE  1683               	bsf	3,5	;RP0=1, select bank1
   851  00AF  1105               	bcf	5,2	;volatile
   852                           
   853                           ;Display.c: 120: RA2=1;
   854  00B0  1283               	bcf	3,5	;RP0=0, select bank0
   855  00B1  28B3               	goto	L11
   856  00B2                     i1l733:	
   857                           ;Display.c: 121: }else
   858                           
   859                           
   860                           ;Display.c: 122: {
   861                           ;Display.c: 123: TRISA2=1;
   862  00B2  1683               	bsf	3,5	;RP0=1, select bank1
   863  00B3                     L11:	
   864  00B3  1505               	bsf	5,2	;volatile
   865                           
   866                           ;Display.c: 124: }
   867                           ;Display.c: 125: if(data&0x04)
   868  00B4  1D70               	btfss	DisplayData1@data,2
   869  00B5  28BA               	goto	i1l735
   870                           
   871                           ;Display.c: 126: {
   872                           ;Display.c: 127: TRISB4=0;
   873  00B6  1683               	bsf	3,5	;RP0=1, select bank1
   874  00B7  1206               	bcf	6,4	;volatile
   875                           
   876                           ;Display.c: 128: RB4=1;
   877  00B8  1283               	bcf	3,5	;RP0=0, select bank0
   878  00B9  28BB               	goto	L12
   879  00BA                     i1l735:	
   880                           ;Display.c: 129: }else
   881                           
   882                           
   883                           ;Display.c: 130: {
   884                           ;Display.c: 131: TRISB4=1;
   885  00BA  1683               	bsf	3,5	;RP0=1, select bank1
   886  00BB                     L12:	
   887  00BB  1606               	bsf	6,4	;volatile
   888                           
   889                           ;Display.c: 132: }
   890                           ;Display.c: 133: if(data&0x08)
   891  00BC  1DF0               	btfss	DisplayData1@data,3
   892  00BD  28BF               	goto	i1l737
   893                           
   894                           ;Display.c: 134: {
   895                           ;Display.c: 135: TRISB5=0;
   896                           
   897                           ;Display.c: 136: RB5=1;
   898                           
   899                           ;Display.c: 137: }else
   900  00BE  2968               	ljmp	PL4	;call to abstracted procedure
   901  00BF                     i1l737:	
   902                           
   903                           ;Display.c: 138: {
   904                           ;Display.c: 139: TRISB5=1;
   905  00BF  1683               	bsf	3,5	;RP0=1, select bank1
   906  00C0  1686               	bsf	6,5	;volatile
   907  00C1  0008               	return
   908  00C2                     __end_of_DisplayData1:	
   909  00C2                     __ptext7:	
   910 ;; *************** function _DisplayData2 *****************
   911 ;; Defined at:
   912 ;;		line 144 in file "D:\CMS\CMS_IDE_V2.03.21\works  ĹŻ·ç»ú\Demo\Display.c"
   913 ;; Parameters:    Size  Location     Type
   914 ;;		None
   915 ;; Auto vars:     Size  Location     Type
   916 ;;		None
   917 ;; Return value:  Size  Location     Type
   918 ;;                  1    wreg      void 
   919 ;; Registers used:
   920 ;;		wreg, fsr0l, fsr0h, status,2, status,0, pclath
   921 ;; Tracked objects:
   922 ;;		On entry : 300/0
   923 ;;		On exit  : 200/0
   924 ;;		Unchanged: 0/0
   925 ;; Data sizes:     COMMON   BANK0   BANK1   BANK2
   926 ;;      Params:         0       0       0       0
   927 ;;      Locals:         0       0       0       0
   928 ;;      Temps:          0       0       0       0
   929 ;;      Totals:         0       0       0       0
   930 ;;Total ram usage:        0 bytes
   931 ;; Hardware stack levels used:    2
   932 ;; This function calls:
   933 ;;		Nothing
   934 ;; This function is called by:
   935 ;;		_DisplayComx
   936 ;; This function uses a non-reentrant model
   937 ;;
   938                           
   939                           
   940                           ;psect for function _DisplayData2
   941  00C2                     _DisplayData2:	
   942                           
   943                           ;Display.c: 147: if(SegTab[Dis_SC0]&0x10)
   944                           
   945                           ;incstack = 0
   946                           ; Regs used in _DisplayData2: [wreg-fsr0h+status,2+status,0+pclath]
   947  00C2  087C               	movf	_Dis_SC0,w
   948  00C3  3E01               	addlw	low ((_SegTab-__stringbase)| (0+32768))
   949  00C4  0084               	movwf	4
   950  00C5  120A  118A  2195  120A  118A  	fcall	stringdir
   951  00CA  3910               	andlw	16
   952  00CB  1903               	btfsc	3,2
   953  00CC  28D1               	goto	i1l742
   954                           
   955                           ;Display.c: 148: {
   956                           ;Display.c: 149: TRISA0=0;
   957  00CD  1683               	bsf	3,5	;RP0=1, select bank1
   958  00CE  1005               	bcf	5,0	;volatile
   959                           
   960                           ;Display.c: 150: RA0=1;
   961  00CF  1283               	bcf	3,5	;RP0=0, select bank0
   962  00D0  28D2               	goto	L7
   963  00D1                     i1l742:	
   964                           ;Display.c: 151: }else
   965                           
   966                           
   967                           ;Display.c: 152: {
   968                           ;Display.c: 153: TRISA0=1;
   969  00D1  1683               	bsf	3,5	;RP0=1, select bank1
   970  00D2                     L7:	
   971  00D2  1405               	bsf	5,0	;volatile
   972                           
   973                           ;Display.c: 155: }
   974                           ;Display.c: 156: if(SegTab[Dis_SC0]&0x20)
   975  00D3  087C               	movf	_Dis_SC0,w
   976  00D4  3E01               	addlw	low ((_SegTab-__stringbase)| (0+32768))
   977  00D5  0084               	movwf	4
   978  00D6  120A  118A  2195  120A  118A  	fcall	stringdir
   979  00DB  3920               	andlw	32
   980  00DC  1903               	btfsc	3,2
   981  00DD  28E2               	goto	i1l744
   982                           
   983                           ;Display.c: 157: {
   984                           ;Display.c: 158: TRISA1=0;
   985  00DE  1683               	bsf	3,5	;RP0=1, select bank1
   986  00DF  1085               	bcf	5,1	;volatile
   987                           
   988                           ;Display.c: 159: RA1=1;
   989  00E0  1283               	bcf	3,5	;RP0=0, select bank0
   990  00E1  28E3               	goto	L8
   991  00E2                     i1l744:	
   992                           ;Display.c: 160: }else
   993                           
   994                           
   995                           ;Display.c: 161: {
   996                           ;Display.c: 162: TRISA1=1;
   997  00E2  1683               	bsf	3,5	;RP0=1, select bank1
   998  00E3                     L8:	
   999  00E3  1485               	bsf	5,1	;volatile
  1000                           
  1001                           ;Display.c: 164: }
  1002                           ;Display.c: 165: if(SegTab[Dis_SC0]&0x40)
  1003  00E4  087C               	movf	_Dis_SC0,w
  1004  00E5  3E01               	addlw	low ((_SegTab-__stringbase)| (0+32768))
  1005  00E6  0084               	movwf	4
  1006  00E7  120A  118A  2195  120A  118A  	fcall	stringdir
  1007  00EC  3940               	andlw	64
  1008  00ED  1903               	btfsc	3,2
  1009  00EE  28F3               	goto	i1l746
  1010                           
  1011                           ;Display.c: 166: {
  1012                           ;Display.c: 167: TRISA2=0;
  1013  00EF  1683               	bsf	3,5	;RP0=1, select bank1
  1014  00F0  1105               	bcf	5,2	;volatile
  1015                           
  1016                           ;Display.c: 168: RA2=1;
  1017  00F1  1283               	bcf	3,5	;RP0=0, select bank0
  1018  00F2  28F4               	goto	L9
  1019  00F3                     i1l746:	
  1020                           ;Display.c: 169: }else
  1021                           
  1022                           
  1023                           ;Display.c: 170: {
  1024                           ;Display.c: 171: TRISA2=1;
  1025  00F3  1683               	bsf	3,5	;RP0=1, select bank1
  1026  00F4                     L9:	
  1027  00F4  1505               	bsf	5,2	;volatile
  1028                           
  1029                           ;Display.c: 173: }
  1030                           ;Display.c: 174: if(SegTab[Dis_SC1]&0x10)
  1031  00F5  087B               	movf	_Dis_SC1,w
  1032  00F6  3E01               	addlw	low ((_SegTab-__stringbase)| (0+32768))
  1033  00F7  0084               	movwf	4
  1034  00F8  120A  118A  2195  120A  118A  	fcall	stringdir
  1035  00FD  3910               	andlw	16
  1036  00FE  1903               	btfsc	3,2
  1037  00FF  2901               	goto	i1l748
  1038                           
  1039                           ;Display.c: 175: {
  1040                           ;Display.c: 176: TRISB5=0;
  1041                           
  1042                           ;Display.c: 177: RB5=1;
  1043                           
  1044                           ;Display.c: 178: }else
  1045  0100  2968               	ljmp	PL4	;call to abstracted procedure
  1046  0101                     i1l748:	
  1047                           
  1048                           ;Display.c: 179: {
  1049                           ;Display.c: 180: TRISB5=1;
  1050  0101  1683               	bsf	3,5	;RP0=1, select bank1
  1051  0102  1686               	bsf	6,5	;volatile
  1052  0103  0008               	return
  1053  0104                     __end_of_DisplayData2:	
  1054  0104                     __ptext6:	
  1055 ;; *************** function _DisplayFunction *****************
  1056 ;; Defined at:
  1057 ;;		line 191 in file "D:\CMS\CMS_IDE_V2.03.21\works  ĹŻ·ç»ú\Demo\Display.c"
  1058 ;; Parameters:    Size  Location     Type
  1059 ;;		None
  1060 ;; Auto vars:     Size  Location     Type
  1061 ;;		None
  1062 ;; Return value:  Size  Location     Type
  1063 ;;                  1    wreg      void 
  1064 ;; Registers used:
  1065 ;;		wreg, status,2, status,0
  1066 ;; Tracked objects:
  1067 ;;		On entry : 300/0
  1068 ;;		On exit  : 200/0
  1069 ;;		Unchanged: 0/0
  1070 ;; Data sizes:     COMMON   BANK0   BANK1   BANK2
  1071 ;;      Params:         0       0       0       0
  1072 ;;      Locals:         0       0       0       0
  1073 ;;      Temps:          0       0       0       0
  1074 ;;      Totals:         0       0       0       0
  1075 ;;Total ram usage:        0 bytes
  1076 ;; Hardware stack levels used:    1
  1077 ;; This function calls:
  1078 ;;		Nothing
  1079 ;; This function is called by:
  1080 ;;		_DisplayComx
  1081 ;; This function uses a non-reentrant model
  1082 ;;
  1083                           
  1084                           
  1085                           ;psect for function _DisplayFunction
  1086  0104                     _DisplayFunction:	
  1087                           
  1088                           ;Display.c: 194: if(Dis_SFan)
  1089                           
  1090                           ;incstack = 0
  1091                           ; Regs used in _DisplayFunction: [wreg+status,2+status,0]
  1092  0104  087A               	movf	_Dis_SFan,w	;volatile
  1093  0105  1903               	btfsc	3,2
  1094  0106  290B               	goto	i1l753
  1095                           
  1096                           ;Display.c: 195: {
  1097                           ;Display.c: 196: TRISA0=0;
  1098  0107  1683               	bsf	3,5	;RP0=1, select bank1
  1099  0108  1005               	bcf	5,0	;volatile
  1100                           
  1101                           ;Display.c: 197: RA0=1;
  1102  0109  1283               	bcf	3,5	;RP0=0, select bank0
  1103  010A  290C               	goto	L4
  1104  010B                     i1l753:	
  1105                           ;Display.c: 198: }else
  1106                           
  1107                           
  1108                           ;Display.c: 199: {
  1109                           ;Display.c: 200: TRISA0=1;
  1110  010B  1683               	bsf	3,5	;RP0=1, select bank1
  1111  010C                     L4:	
  1112  010C  1405               	bsf	5,0	;volatile
  1113                           
  1114                           ;Display.c: 202: }
  1115                           ;Display.c: 203: if(Dis_SSun)
  1116  010D  0879               	movf	_Dis_SSun,w	;volatile
  1117  010E  1903               	btfsc	3,2
  1118  010F  2914               	goto	i1l755
  1119                           
  1120                           ;Display.c: 204: {
  1121                           ;Display.c: 205: TRISA1=0;
  1122  0110  1683               	bsf	3,5	;RP0=1, select bank1
  1123  0111  1085               	bcf	5,1	;volatile
  1124                           
  1125                           ;Display.c: 206: RA1=1;
  1126  0112  1283               	bcf	3,5	;RP0=0, select bank0
  1127  0113  2915               	goto	L5
  1128  0114                     i1l755:	
  1129                           ;Display.c: 207: }else
  1130                           
  1131                           
  1132                           ;Display.c: 208: {
  1133                           ;Display.c: 209: TRISA1=1;
  1134  0114  1683               	bsf	3,5	;RP0=1, select bank1
  1135  0115                     L5:	
  1136  0115  1485               	bsf	5,1	;volatile
  1137                           
  1138                           ;Display.c: 211: }
  1139                           ;Display.c: 212: if(Dis_SCircle)
  1140  0116  087D               	movf	_Dis_SCircle,w	;volatile
  1141  0117  1903               	btfsc	3,2
  1142  0118  291D               	goto	i1l757
  1143                           
  1144                           ;Display.c: 213: {
  1145                           ;Display.c: 214: TRISB4=0;
  1146  0119  1683               	bsf	3,5	;RP0=1, select bank1
  1147  011A  1206               	bcf	6,4	;volatile
  1148                           
  1149                           ;Display.c: 215: RB4=1;
  1150  011B  1283               	bcf	3,5	;RP0=0, select bank0
  1151  011C  291E               	goto	L6
  1152  011D                     i1l757:	
  1153                           ;Display.c: 216: }else
  1154                           
  1155                           
  1156                           ;Display.c: 217: {
  1157                           ;Display.c: 218: TRISB4=1;
  1158  011D  1683               	bsf	3,5	;RP0=1, select bank1
  1159  011E                     L6:	
  1160  011E  1606               	bsf	6,4	;volatile
  1161                           
  1162                           ;Display.c: 220: }
  1163                           ;Display.c: 221: if(Dis_SH)
  1164  011F  1283               	bcf	3,5	;RP0=0, select bank0
  1165  0120  0822               	movf	_Dis_SH,w	;volatile
  1166  0121  1903               	btfsc	3,2
  1167  0122  2924               	goto	i1l759
  1168                           
  1169                           ;Display.c: 222: {
  1170                           ;Display.c: 223: TRISB5=0;
  1171                           
  1172                           ;Display.c: 224: RB5=1;
  1173                           
  1174                           ;Display.c: 225: }else
  1175  0123  2968               	ljmp	PL4	;call to abstracted procedure
  1176  0124                     i1l759:	
  1177                           
  1178                           ;Display.c: 226: {
  1179                           ;Display.c: 227: TRISB5=1;
  1180  0124  1683               	bsf	3,5	;RP0=1, select bank1
  1181  0125  1686               	bsf	6,5	;volatile
  1182  0126  0008               	return
  1183  0127                     __end_of_DisplayFunction:	
  1184  0127                     __ptext5:	
  1185 ;; *************** function _DisplayTurn *****************
  1186 ;; Defined at:
  1187 ;;		line 232 in file "D:\CMS\CMS_IDE_V2.03.21\works  ĹŻ·ç»ú\Demo\Display.c"
  1188 ;; Parameters:    Size  Location     Type
  1189 ;;		None
  1190 ;; Auto vars:     Size  Location     Type
  1191 ;;		None
  1192 ;; Return value:  Size  Location     Type
  1193 ;;                  1    wreg      void 
  1194 ;; Registers used:
  1195 ;;		wreg, fsr0l, fsr0h, status,2, status,0, pclath
  1196 ;; Tracked objects:
  1197 ;;		On entry : 300/0
  1198 ;;		On exit  : 200/0
  1199 ;;		Unchanged: 0/0
  1200 ;; Data sizes:     COMMON   BANK0   BANK1   BANK2
  1201 ;;      Params:         0       0       0       0
  1202 ;;      Locals:         0       0       0       0
  1203 ;;      Temps:          0       0       0       0
  1204 ;;      Totals:         0       0       0       0
  1205 ;;Total ram usage:        0 bytes
  1206 ;; Hardware stack levels used:    2
  1207 ;; This function calls:
  1208 ;;		Nothing
  1209 ;; This function is called by:
  1210 ;;		_DisplayComx
  1211 ;; This function uses a non-reentrant model
  1212 ;;
  1213                           
  1214                           
  1215                           ;psect for function _DisplayTurn
  1216  0127                     _DisplayTurn:	
  1217                           
  1218                           ;Display.c: 235: if(SegTab[Dis_SC1]&0x20)
  1219                           
  1220                           ;incstack = 0
  1221                           ; Regs used in _DisplayTurn: [wreg-fsr0h+status,2+status,0+pclath]
  1222  0127  087B               	movf	_Dis_SC1,w
  1223  0128  3E01               	addlw	low ((_SegTab-__stringbase)| (0+32768))
  1224  0129  0084               	movwf	4
  1225  012A  120A  118A  2195  120A  118A  	fcall	stringdir
  1226  012F  3920               	andlw	32
  1227  0130  1903               	btfsc	3,2
  1228  0131  2936               	goto	i1l764
  1229                           
  1230                           ;Display.c: 236: {
  1231                           ;Display.c: 237: TRISA0=0;
  1232  0132  1683               	bsf	3,5	;RP0=1, select bank1
  1233  0133  1005               	bcf	5,0	;volatile
  1234                           
  1235                           ;Display.c: 238: RA0=1;
  1236  0134  1283               	bcf	3,5	;RP0=0, select bank0
  1237  0135  2937               	goto	L1
  1238  0136                     i1l764:	
  1239                           ;Display.c: 239: }else
  1240                           
  1241                           
  1242                           ;Display.c: 240: {
  1243                           ;Display.c: 241: TRISA0=1;
  1244  0136  1683               	bsf	3,5	;RP0=1, select bank1
  1245  0137                     L1:	
  1246  0137  1405               	bsf	5,0	;volatile
  1247                           
  1248                           ;Display.c: 243: }
  1249                           ;Display.c: 244: if(SegTab[Dis_SC1]&0x40)
  1250  0138  087B               	movf	_Dis_SC1,w
  1251  0139  3E01               	addlw	low ((_SegTab-__stringbase)| (0+32768))
  1252  013A  0084               	movwf	4
  1253  013B  120A  118A  2195  120A  118A  	fcall	stringdir
  1254  0140  3940               	andlw	64
  1255  0141  1903               	btfsc	3,2
  1256  0142  2947               	goto	i1l766
  1257                           
  1258                           ;Display.c: 245: {
  1259                           ;Display.c: 246: TRISA1=0;
  1260  0143  1683               	bsf	3,5	;RP0=1, select bank1
  1261  0144  1085               	bcf	5,1	;volatile
  1262                           
  1263                           ;Display.c: 247: RA1=1;
  1264  0145  1283               	bcf	3,5	;RP0=0, select bank0
  1265  0146  2948               	goto	L2
  1266  0147                     i1l766:	
  1267                           ;Display.c: 248: }else
  1268                           
  1269                           
  1270                           ;Display.c: 249: {
  1271                           ;Display.c: 250: TRISA1=1;
  1272  0147  1683               	bsf	3,5	;RP0=1, select bank1
  1273  0148                     L2:	
  1274  0148  1485               	bsf	5,1	;volatile
  1275                           
  1276                           ;Display.c: 252: }
  1277                           ;Display.c: 253: if(Dis_SAD)
  1278  0149  1283               	bcf	3,5	;RP0=0, select bank0
  1279  014A  0821               	movf	_Dis_SAD,w	;volatile
  1280  014B  1903               	btfsc	3,2
  1281  014C  2951               	goto	i1l768
  1282                           
  1283                           ;Display.c: 254: {
  1284                           ;Display.c: 255: TRISA2=0;
  1285  014D  1683               	bsf	3,5	;RP0=1, select bank1
  1286  014E  1105               	bcf	5,2	;volatile
  1287                           
  1288                           ;Display.c: 256: RA2=1;
  1289  014F  1283               	bcf	3,5	;RP0=0, select bank0
  1290  0150  2952               	goto	L3
  1291  0151                     i1l768:	
  1292                           ;Display.c: 257: }else
  1293                           
  1294                           
  1295                           ;Display.c: 258: {
  1296                           ;Display.c: 259: TRISA2=1;
  1297  0151  1683               	bsf	3,5	;RP0=1, select bank1
  1298  0152                     L3:	
  1299  0152  1505               	bsf	5,2	;volatile
  1300                           
  1301                           ;Display.c: 261: }
  1302                           ;Display.c: 262: if(Dis_SWS)
  1303  0153  1283               	bcf	3,5	;RP0=0, select bank0
  1304  0154  0820               	movf	_Dis_SWS,w	;volatile
  1305  0155  1903               	btfsc	3,2
  1306  0156  295C               	goto	i1l770
  1307                           
  1308                           ;Display.c: 263: {
  1309                           ;Display.c: 264: TRISB4=0;
  1310  0157  1683               	bsf	3,5	;RP0=1, select bank1
  1311  0158  1206               	bcf	6,4	;volatile
  1312                           
  1313                           ;Display.c: 265: RB4=1;
  1314  0159  1283               	bcf	3,5	;RP0=0, select bank0
  1315  015A  1606               	bsf	6,4	;volatile
  1316                           
  1317                           ;Display.c: 266: }else
  1318  015B  0008               	return
  1319  015C                     i1l770:	
  1320                           
  1321                           ;Display.c: 267: {
  1322                           ;Display.c: 268: TRISB4=1;
  1323  015C  1683               	bsf	3,5	;RP0=1, select bank1
  1324  015D  1606               	bsf	6,4	;volatile
  1325  015E  0008               	return
  1326  015F                     __end_of_DisplayTurn:	
  1327  015F                     PL2:	
  1328  015F  0805               	movf	5,w	;volatile
  1329  0160  0806               	movf	6,w	;volatile
  1330  0161  1283               	bcf	3,5	;RP0=0, select bank0
  1331  0162  1405               	bsf	5,0	;volatile
  1332  0163  1485               	bsf	5,1	;volatile
  1333  0164  1505               	bsf	5,2	;volatile
  1334  0165  1606               	bsf	6,4	;volatile
  1335  0166  1686               	bsf	6,5	;volatile
  1336  0167  0008               	return
  1337  0168                     __end_ofPL2:	
  1338  0168                     PL4:	
  1339  0168  1683               	bsf	3,5	;RP0=1, select bank1
  1340  0169  1286               	bcf	6,5	;volatile
  1341  016A  1283               	bcf	3,5	;RP0=0, select bank0
  1342  016B  1686               	bsf	6,5	;volatile
  1343  016C  0008               	return
  1344  016D                     __end_ofPL4:	
  1345                           
  1346                           	psect	intentry
  1347  0004                     __pintentry:	
  1348                           ;incstack = 0
  1349                           ; Regs used in _ISR: [wreg-fsr0h+status,2+status,0+pclath+cstack]
  1350                           
  1351  0004                     interrupt_function:	
  1352  007E                     saved_w	set	btemp
  1353  0004  00FE               	movwf	btemp
  1354  0005  0E03               	swapf	3,w
  1355  0006  00F3               	movwf	??_ISR
  1356  0007  0804               	movf	4,w
  1357  0008  00F4               	movwf	??_ISR+1
  1358  0009  080A               	movf	10,w
  1359  000A  00F5               	movwf	??_ISR+2
  1360  000B  1283               	bcf	3,5	;RP0=0, select bank0
  1361  000C  1303               	bcf	3,6	;RP1=0, select bank0
  1362  000D  087F               	movf	btemp+1,w
  1363  000E  00F6               	movwf	??_ISR+3
  1364  000F  120A  118A  281D   	ljmp	_ISR


Data Sizes:
    Strings     0
    Constant    17
    Data        0
    BSS         4
    Persistent  6
    Stack       0

Auto Spaces:
    Space          Size  Autos    Used
    COMMON           14      7      14
    BANK0            80      0       3
    BANK1            80      0       0
    BANK2            80      0       0

Pointer List with Targets:

    None.

Critical Paths under _main in COMMON

    None.

Critical Paths under _ISR in COMMON

    _ISR->_Display
    _Display->_DisplayComx
    _DisplayComx->_DisplayData
    _DisplayComx->_DisplayData1

Critical Paths under _main in BANK0

    None.

Critical Paths under _ISR in BANK0

    None.

Critical Paths under _main in BANK1

    None.

Critical Paths under _ISR in BANK1

    None.

Critical Paths under _main in BANK2

    None.

Critical Paths under _ISR in BANK2

    None.

Call Graph Tables:

 ---------------------------------------------------------------------------------
 (Depth) Function   	        Calls       Base Space   Used Autos Params    Refs
 ---------------------------------------------------------------------------------
 (0) _main                                                 0     0      0       0
                            _InitLed
 ---------------------------------------------------------------------------------
 (1) _InitLed                                              0     0      0       0
 ---------------------------------------------------------------------------------
 Estimated maximum stack depth 1
 ---------------------------------------------------------------------------------
 (Depth) Function   	        Calls       Base Space   Used Autos Params    Refs
 ---------------------------------------------------------------------------------
 (2) _ISR                                                  4     4      0     142
                                              3 COMMON     4     4      0
                            _Display
 ---------------------------------------------------------------------------------
 (3) _Display                                              1     1      0     142
                                              2 COMMON     1     1      0
                        _DisplayComx
 ---------------------------------------------------------------------------------
 (4) _DisplayComx                                          1     1      0     142
                                              1 COMMON     1     1      0
                        _DisplayData
                       _DisplayData1
                       _DisplayData2
                    _DisplayFunction
                        _DisplayTurn
 ---------------------------------------------------------------------------------
 (6) _DisplayTurn                                          0     0      0       0
 ---------------------------------------------------------------------------------
 (5) _DisplayFunction                                      0     0      0       0
 ---------------------------------------------------------------------------------
 (6) _DisplayData2                                         0     0      0       0
 ---------------------------------------------------------------------------------
 (5) _DisplayData1                                         1     1      0      60
                                              0 COMMON     1     1      0
 ---------------------------------------------------------------------------------
 (5) _DisplayData                                          1     1      0      60
                                              0 COMMON     1     1      0
 ---------------------------------------------------------------------------------
 Estimated maximum stack depth 6
 ---------------------------------------------------------------------------------

 Call Graph Graphs:

 _main (ROOT)
   _InitLed

 _ISR (ROOT)
   _Display
     _DisplayComx
       _DisplayData
       _DisplayData1
       _DisplayData2
       _DisplayFunction
       _DisplayTurn

 Address spaces:
Name               Size   Autos  Total    Cost      Usage
BITCOMMON            E      0       0       0        0.0%
NULL                 0      0       0       0        0.0%
CODE                 0      0       0       0        0.0%
COMMON               E      7       E       1      100.0%
BITSFR0              0      0       0       1        0.0%
SFR0                 0      0       0       1        0.0%
BITSFR1              0      0       0       2        0.0%
SFR1                 0      0       0       2        0.0%
STACK                0      0       0       2        0.0%
BITBANK0            50      0       0       3        0.0%
BANK0               50      0       3       4        3.8%
BITSFR3              0      0       0       4        0.0%
SFR3                 0      0       0       4        0.0%
BITBANK1            50      0       0       5        0.0%
BITSFR2              0      0       0       5        0.0%
SFR2                 0      0       0       5        0.0%
BANK1               50      0       0       6        0.0%
BANK2               50      0       0       7        0.0%
ABS                  0      0      11       8        0.0%
DATA                 0      0      11       9        0.0%
BITBANK2            50      0       0      10        0.0%


Microchip Technology PIC Macro Assembler V1.45 build -152302408 
Symbol Table                                                                                   Tue Oct 28 16:33:39 2025

                       pc 0002                        PL2 015F                        PL4 0168  
                      fsr 0004                       _RA0 0028                       _RA1 0029  
                     _RA2 002A                       _RB4 0034                       _RB5 0035  
                     _PR2 0092                       _ISR 001D                       fsr0 0004  
                    ?_ISR 0070                      l1518 018E                      _main 016D  
                    btemp 007E                      start 0012           __end_of_Display 003C  
         __end_of_InitLed 01B0                     ??_ISR 0073       __end_of_DisplayData 00A3  
     __end_of_DisplayComx 0084       __end_of_DisplayTurn 015F                     ?_main 0070  
                   _T2CON 0012                     i1l720 008B                     i1l722 0093  
                   i1l731 00AA                     i1l724 009B                     i1l733 00B2  
                   i1l726 00A0                     i1l742 00D1                     i1l735 00BA  
                   i1l744 00E2                     i1l737 00BF                     i1l753 010B  
                   i1l746 00F3                     i1l770 015C                     i1l755 0114  
                   i1l748 0101                     i1l764 0136                     i1l757 011D  
                   i1l766 0147                     i1l759 0124                     i1l783 0083  
                   i1l768 0151                     _TRISA 0085                     _TRISB 0086  
                   pclath 000A                     status 0003                     wtemp0 007E  
             _Dis_SCircle 007D           __initialization 0015              __end_of_main 0195  
                  ??_main 0000      __end_of_DisplayData1 00C2      __end_of_DisplayData2 0104  
                  i1l2142 0052                    i1l2160 006C                    i1l2136 0044  
                  i1l1513 0022                    i1l2154 0066                    i1l2148 0060  
                  i1l2168 0072                    _INTCON 000B                    _OSCCON 008F  
                  _TMR2IE 0461                    _TMR2IF 0061                    _TRISA0 0428  
                  _TRISA1 0429                    _TRISA2 042A                    _TRISB4 0434  
                  _TRISB5 0435                 ??_Display 0072                 ??_InitLed 0000  
                  _Dis_SH 0022                    _SegTab 019B               _DisplayData 0084  
             _DisplayComx 003C               _DisplayTurn 0127                    _tcount 0077  
         _DisplayFunction 0104                    saved_w 007E   __end_of__initialization 0019  
          __pcstackCOMMON 0070                __end_ofPL2 0168                __end_ofPL4 016D  
              __pnvCOMMON 007B                __pmaintext 016D   __end_of_DisplayFunction 0127  
              __pintentry 0004     __size_of_DisplayData1 001F     __size_of_DisplayData2 0042  
              __stringtab 0195                   _Dis_SC0 007C                   _Dis_SC1 007B  
                 _Dis_SAD 0021                   _Dis_SWS 0020                   _Display 002E  
                 _InitLed 01AC              _DisplayData1 00A3              _DisplayData2 00C2  
                 __ptext1 01AC                   __ptext2 001D                   __ptext3 002E  
                 __ptext4 003C                   __ptext5 0127                   __ptext6 0104  
                 __ptext7 00C2                   __ptext8 00A3                   __ptext9 0084  
            __size_of_ISR 0011      end_of_initialization 0019           DisplayData@data 0070  
            ?_DisplayData 0070              ?_DisplayComx 0070              ?_DisplayTurn 0070  
        ?_DisplayFunction 0070            __end_of_SegTab 01AC       start_initialization 0015  
             __end_of_ISR 002E               __pbssCOMMON 0077                 ___latbits 0002  
           __pcstackBANK0 0000                  ?_Display 0070                  ?_InitLed 0070  
               __pnvBANK0 0020      __size_of_DisplayData 001F      __size_of_DisplayComx 0048  
    __size_of_DisplayTurn 0038                 __pstrings 0195         interrupt_function 0004  
             __stringbase 019A                  _Dis_SFan 007A                  _Dis_SSun 0079  
        __size_of_Display 000E          __size_of_InitLed 0004        __end_of__stringtab 019B  
__size_of_DisplayFunction 0023             Display@Dcount 0078             __size_of_main 0028  
        DisplayData1@data 0070                  intlevel1 0000                 stringcode 0195  
           ?_DisplayData1 0070             ?_DisplayData2 0070              DisplayComx@x 0071  
                stringdir 0195                  stringtab 0195         ??_DisplayFunction 0070  
          ??_DisplayData1 0070            ??_DisplayData2 0070             ??_DisplayData 0070  
           ??_DisplayComx 0071             ??_DisplayTurn 0070  
