Warning[373]:	D:\Homework\laptop\Homework\«∂»Ž Ĺ\warmFan_finish\Task.c	Ķŕ83––	implicit signed to unsigned conversion
Warning[373]:	D:\Homework\laptop\Homework\«∂»Ž Ĺ\warmFan_finish\StepMotor.c	Ķŕ44––	implicit signed to unsigned conversion
Warning[373]:	D:\Homework\laptop\Homework\«∂»Ž Ĺ\warmFan_finish\StepMotor.c	Ķŕ45––	implicit signed to unsigned conversion
Warning[373]:	D:\Homework\laptop\Homework\«∂»Ž Ĺ\warmFan_finish\StepMotor.c	Ķŕ52––	implicit signed to unsigned conversion
Warning[373]:	D:\Homework\laptop\Homework\«∂»Ž Ĺ\warmFan_finish\StepMotor.c	Ķŕ55––	implicit signed to unsigned conversion
Warning[373]:	D:\Homework\laptop\Homework\«∂»Ž Ĺ\warmFan_finish\StepMotor.c	Ķŕ65––	implicit signed to unsigned conversion
Warning[373]:	D:\Homework\laptop\Homework\«∂»Ž Ĺ\warmFan_finish\ptc_driver.c	Ķŕ62––	implicit signed to unsigned conversion
Warning[373]:	D:\Homework\laptop\Homework\«∂»Ž Ĺ\warmFan_finish\Display.c	Ķŕ84––	implicit signed to unsigned conversion
Warning[373]:	D:\Homework\laptop\Homework\«∂»Ž Ĺ\warmFan_finish\Display.c	Ķŕ85––	implicit signed to unsigned conversion
Warning[373]:	D:\Homework\laptop\Homework\«∂»Ž Ĺ\warmFan_finish\Display.c	Ķŕ90––	implicit signed to unsigned conversion
Warning[373]:	D:\Homework\laptop\Homework\«∂»Ž Ĺ\warmFan_finish\Display.c	Ķŕ92––	implicit signed to unsigned conversion
Warning[373]:	D:\Homework\laptop\Homework\«∂»Ž Ĺ\warmFan_finish\Display.c	Ķŕ130––	implicit signed to unsigned conversion
Warning[373]:	D:\Homework\laptop\Homework\«∂»Ž Ĺ\warmFan_finish\Display.c	Ķŕ131––	implicit signed to unsigned conversion
Warning[373]:	D:\Homework\laptop\Homework\«∂»Ž Ĺ\warmFan_finish\Display.c	Ķŕ132––	implicit signed to unsigned conversion
Warning[373]:	D:\Homework\laptop\Homework\«∂»Ž Ĺ\warmFan_finish\Display.c	Ķŕ133––	implicit signed to unsigned conversion
Warning[373]:	D:\Homework\laptop\Homework\«∂»Ž Ĺ\warmFan_finish\Display.c	Ķŕ134––	implicit signed to unsigned conversion
Warning[373]:	D:\Homework\laptop\Homework\«∂»Ž Ĺ\warmFan_finish\Display.c	Ķŕ135––	implicit signed to unsigned conversion
Warning[373]:	D:\Homework\laptop\Homework\«∂»Ž Ĺ\warmFan_finish\Display.c	Ķŕ136––	implicit signed to unsigned conversion
Warning[373]:	D:\Homework\laptop\Homework\«∂»Ž Ĺ\warmFan_finish\Display.c	Ķŕ138––	implicit signed to unsigned conversion
Warning[373]:	D:\Homework\laptop\Homework\«∂»Ž Ĺ\warmFan_finish\Display.c	Ķŕ139––	implicit signed to unsigned conversion
Warning[373]:	D:\Homework\laptop\Homework\«∂»Ž Ĺ\warmFan_finish\Display.c	Ķŕ140––	implicit signed to unsigned conversion
Warning[373]:	D:\Homework\laptop\Homework\«∂»Ž Ĺ\warmFan_finish\Display.c	Ķŕ141––	implicit signed to unsigned conversion
Warning[373]:	D:\Homework\laptop\Homework\«∂»Ž Ĺ\warmFan_finish\Display.c	Ķŕ142––	implicit signed to unsigned conversion
Warning[373]:	D:\Homework\laptop\Homework\«∂»Ž Ĺ\warmFan_finish\Display.c	Ķŕ143––	implicit signed to unsigned conversion
Warning[373]:	D:\Homework\laptop\Homework\«∂»Ž Ĺ\warmFan_finish\Display.c	Ķŕ144––	implicit signed to unsigned conversion
Advisory[1510]	non-reentrant function "_SetPin" appears in multiple call graphs and has been duplicated by the compiler
Warning[520]:	D:\Homework\laptop\Homework\«∂»Ž Ĺ\warmFan_finish\ptc_driver.c	Ķŕ6––	function "_DelayMs" is never called
Warning[520]:	D:\Homework\laptop\Homework\«∂»Ž Ĺ\warmFan_finish\ptc_driver.c	Ķŕ65––	function "_PTC_SoftStart" is never called
Warning[1090]:	D:\Homework\laptop\Homework\«∂»Ž Ĺ\warmFan_finish\Touch_Kscan_Library.h	Ķŕ115––	variable "_FactorRawDat" is not used
Warning[1090]:	D:\Homework\laptop\Homework\«∂»Ž Ĺ\warmFan_finish\Touch_Kscan_Library.h	Ķŕ114––	variable "_NoiseDat" is not used
Warning[1090]:	D:\Homework\laptop\Homework\«∂»Ž Ĺ\warmFan_finish\Touch_Kscan_Library.h	Ķŕ113––	variable "_Disp_KeyDown" is not used
Warning[1090]:	D:\Homework\laptop\Homework\«∂»Ž Ĺ\warmFan_finish\Key.c	Ķŕ7––	variable "_touchFlag" is not used
Warning[1393]:	D:\Homework\laptop\Homework\«∂»Ž Ĺ\warmFan_finish\main.c	Ķŕ37––	possible hardware stack overflow detected; estimated stack depth: 9

Memory Summary:
    Program space        used   A14h (  2580) of  2000h words   ( 31.5%)
    Data space           used    50h (    80) of    F0h bytes   ( 33.3%)
    EEPROM space         None available
    Data stack space     used     0h (     0) of    50h bytes   (  0.0%)
    Configuration bits   used     0h (     0) of     2h words   (  0.0%)
    ID Location space    used     0h (     0) of     4h bytes   (  0.0%)

